DuckDuckGo -> https://duckduckgo.com/?t=h_
 -> javascript:;
 -> https://duckduckgo.com/bang
 -> https://duckduckgo.com/compare-privacy
All -> https://duckduckgo.com/?t=h_&q=python&ia=web
Images -> https://duckduckgo.com/?t=h_&q=python&ia=images&iax=images
Videos -> https://duckduckgo.com/?t=h_&q=python&ia=videos&iax=videos
News -> https://duckduckgo.com/?t=h_&q=python&ia=news&iar=news
Maps -> https://duckduckgo.com/?t=h_&q=python&iaxm=maps
Assist -> https://duckduckgo.com/?t=h_&q=python&ia=web&assist=true
Duck.ai -> https://duckduckgo.com/?t=h_&q=python&ia=chat
 -> https://duckduckgo.com/duckduckgo-help-pages/search-privacy/
 -> https://duckduckgo.com/settings#appearance
 -> https://duckduckgo.com/?q=python%20site%3Awww.python.org
 -> https://duckduckgo.com/?q=python%20-site%3Awww.python.org
 -> https://duckduckgo.com/?q=python+site:www.python.org&t=h_
https://www.python.org -> https://www.python.org/
Welcome to Python.org -> https://www.python.org/
Beginner's Guide
Getting Python. Next, install the Python 3 interpreter on your computer. This is the program that reads Python programs and carries out their instructions; you need it before you can do any Python programming. Mac and Linux distributions may include an outdated version of Python (Python 2), but you should install an updated one (Python 3). -> https://wiki.python.org/moin/BeginnersGuide
Documentation
Python's documentation, tutorials, and guides are constantly evolving. Get started here, or scroll down for documentation broken out by type and subject. Python Docs -> https://www.python.org/doc/
Windows
Note that Python 3.10.4 cannot be used on Windows 7 or earlier. Download Windows installer (64-bit) Download Windows installer (32-bit) Download Windows help file; Download Windows embeddable package (64-bit) Download Windows embeddable package (32-bit) Python 3.9.12 - March 23, 2022. Note that Python 3.9.12 cannot be used on Windows 7 or earlier. -> https://www.python.org/downloads/windows/
About
Python is developed under an OSI-approved open source license, making it freely usable and distributable, even for commercial use. Python's license is administered by the Python Software Foundation. Learn more about the license; Python license on OSI; Learn more about the Foundation -> https://www.python.org/about/
Community
Python Discord is a large community focused around the Python programming language. Go to pythondiscord.com for more information and to join. Python Developers Community - LinkedIn. This is the place where Python Engineers level up their knowledge, skills and network. Exchange technical publications, coding tutorials and other learning resources. -> https://www.python.org/community/
Success Stories
They credit Python's philosophy of practicality and explicitness, along with the rich ecosystem of open-source libraries available on PyPI, as keys to their success. Additionally, the inclusivity, openness, and strong culture of collaboration in the Python community have enabled the agency to find and hire great people who are lifelong learners. -> https://www.python.org/success-stories/
 -> https://duckduckgo.com/?q=python%20site%3Awww.w3schools.com
 -> https://duckduckgo.com/?q=python%20-site%3Awww.w3schools.com
 -> https://duckduckgo.com/?q=python+site:www.w3schools.com&t=h_
https://www.w3schools.com › python -> https://www.w3schools.com/python/
Python Tutorial - W3Schools -> https://www.w3schools.com/python/
 -> https://duckduckgo.com/?q=python%20site%3Adocs.python.org
 -> https://duckduckgo.com/?q=python%20-site%3Adocs.python.org
 -> https://duckduckgo.com/?q=python+site:docs.python.org&t=h_
https://docs.python.org › 3 › tutorial › index-html -> https://docs.python.org/3/tutorial/index.html
The Python Tutorial — Python 3.13.4 documentation -> https://docs.python.org/3/tutorial/index.html
 -> https://duckduckgo.com/?q=python%20site%3Aen.wikipedia.org
 -> https://duckduckgo.com/?q=python%20-site%3Aen.wikipedia.org
 -> https://duckduckgo.com/?q=python+site:en.wikipedia.org&t=h_
https://en.wikipedia.org › wiki › Python_(programming_language) -> https://en.wikipedia.org/wiki/Python_(programming_language)
Python (programming language) - Wikipedia -> https://en.wikipedia.org/wiki/Python_(programming_language)
 -> https://duckduckgo.com/?q=python%20site%3Awww.geeksforgeeks.org
 -> https://duckduckgo.com/?q=python%20-site%3Awww.geeksforgeeks.org
 -> https://duckduckgo.com/?q=python+site:www.geeksforgeeks.org&t=h_
https://www.geeksforgeeks.org › python-programming-language-tutorial -> https://www.geeksforgeeks.org/python-programming-language-tutorial/
Learn Python Programming Language - GeeksforGeeks -> https://www.geeksforgeeks.org/python-programming-language-tutorial/
 -> https://duckduckgo.com/?q=python%20site%3Awiki.python.org
 -> https://duckduckgo.com/?q=python%20-site%3Awiki.python.org
 -> https://duckduckgo.com/?q=python+site:wiki.python.org&t=h_
https://wiki.python.org › moin › BeginnersGuide -> https://wiki.python.org/moin/BeginnersGuide
BeginnersGuide - Python Wiki -> https://wiki.python.org/moin/BeginnersGuide
 -> https://duckduckgo.com/?q=python%20site%3Arealpython.com
 -> https://duckduckgo.com/?q=python%20-site%3Arealpython.com
 -> https://duckduckgo.com/?q=python+site:realpython.com&t=h_
https://realpython.com -> https://realpython.com/
Python Tutorials - Real Python -> https://realpython.com/
 -> https://duckduckgo.com/?q=python%20site%3Awww.python.org
 -> https://duckduckgo.com/?q=python%20-site%3Awww.python.org
 -> https://duckduckgo.com/?q=python+site:www.python.org&t=h_
https://www.python.org › downloads -> https://www.python.org/downloads/
Download Python | Python.org -> https://www.python.org/downloads/
 -> https://duckduckgo.com/?q=python%20site%3Asnipe-it.stanford.edu
 -> https://duckduckgo.com/?q=python%20-site%3Asnipe-it.stanford.edu
 -> https://duckduckgo.com/?q=python+site:snipe-it.stanford.edu&t=h_
https://snipe-it.stanford.edu › how-to-switch-from-python-3-12-to-3-11 -> https://snipe-it.stanford.edu/how-to-switch-from-python-3-12-to-3-11
How To Switch From Python 3.12 To 3.11 - Stanford Snipe Hub -> https://snipe-it.stanford.edu/how-to-switch-from-python-3-12-to-3-11
 -> https://duckduckgo.com/?q=python%20site%3Adocs.python.org
 -> https://duckduckgo.com/?q=python%20-site%3Adocs.python.org
 -> https://duckduckgo.com/?q=python+site:docs.python.org&t=h_
https://docs.python.org › 3 › tutorial › introduction-html -> https://docs.python.org/3/tutorial/introduction.html
3. An Informal Introduction to Python -> https://docs.python.org/3/tutorial/introduction.html
python download for windows 10 -> https://duckduckgo.com/?q=python%20download%20for%20windows%2010&t=h_
python downloads -> https://duckduckgo.com/?q=python%20downloads&t=h_
what means in python -> https://duckduckgo.com/?q=what%20means%20in%20python&t=h_
difference between and in python -> https://duckduckgo.com/?q=difference%20between%20and%20in%20python&t=h_
python windows -> https://duckduckgo.com/?q=python%20windows&t=h_
python.com -> https://duckduckgo.com/?q=python.com&t=h_
python.org -> https://duckduckgo.com/?q=python.org&t=h_
python install -> https://duckduckgo.com/?q=python%20install&t=h_
 -> https://duckduckgo.com/?q=Python%20(programming%20language)%20General-purpose%20programming%20language&ia=images&iax=images
Python -> https://en.wikipedia.org/wiki/Python_(programming_language)
python.org -> https://www.python.org/
Wikipedia -> https://en.wikipedia.org/wiki/Python_(programming_language)
 -> https://start.duckduckgo.com/
 -> https://duckduckgo.com/settings#appearance
 -> https://duckduckgo.com/settings
 -> https://apps.apple.com/app/duckduckgo-private-browser/id663592361?platform=iphone&pt=866401&mt=8&ct=serp-atb-serp
 -> https://play.google.com/store/apps/details?id=com.duckduckgo.mobile.android&referrer=utm_campaign%3Dserp-atb-serp%26origin%3Dfunnel_playstore_searchresults
 -> https://duckduckgo.com/mac?origin=funnel_browser_searchresults
 -> https://duckduckgo.com/windows?origin=funnel_browser_searchresults
 -> https://duckduckgo.com/duckduckgo-help-pages/desktop/adding-duckduckgo-to-your-browser/
 -> https://duck.ai/
 -> https://duckduckgo.com/email
 -> https://duckduckgo.com/newsletter
 -> https://duckduckgo.com/blog
 -> https://duckduckgo.com/updates
 -> https://duckduckgo.com/compare-privacy
 -> https://duckduckgo.com/app
 -> https://duckduckgo.com/about
 -> https://duckduckgo.com/duckduckgo-help-pages
 -> https://www.reddit.com/r/duckduckgo/
 -> https://duckduckgo.com/careers
 -> https://duckduckgo.com/privacy
 -> https://duckduckgo.com/terms
 -> https://duckduckgo.com/press
 -> https://duckduckgo.com/duckduckgo-help-pages/company/advertise-on-duckduckgo-search
Switch to DuckDuckGo and take back your privacy!
1
We don't store your personal info.
2
We don't follow you around with ads.
3
We don't track you. Ever.
Add DuckDuckGo to Chrome
× -> https://duckduckgo.com/set-as-default?t=h_
 -> https://start.duckduckgo.com/
Learn More -> https://duckduckgo.com/updates
Compare Privacy -> https://duckduckgo.com/compare-privacy
Help Pages -> https://duckduckgo.com/duckduckgo-help-pages/
Search Shortcuts -> https://duckduckgo.com/bangs
Email Protection -> https://duckduckgo.com/email
Newsletter -> https://duckduckgo.com/newsletter
